<?xml version="1.0" encoding="UTF-8"?>
<!-- Generated by org.testng.reporters.JUnitReportReporter -->
<testsuite hostname="Aj28" failures="0" tests="1" name="MavenDemo.FirstMaven.RestAPITest" time="0.013" errors="0" timestamp="2021-07-22T17:32:42 IST" skipped="0">
  <testcase classname="MavenDemo.FirstMaven.RestAPITest" name="RestAPITest2" time="0.013"/>
  <system-out/>
</testsuite> <!-- MavenDemo.FirstMaven.RestAPITest -->
