<?xml version="1.0" encoding="UTF-8"?>
<!-- Generated by org.testng.reporters.JUnitReportReporter -->
<testsuite hostname="Aj28" failures="0" tests="2" name="MavenDemo.FirstMaven.AppiumTest" time="0.005" errors="0" timestamp="2021-07-22T20:03:18 IST" skipped="0">
  <testcase classname="MavenDemo.FirstMaven.AppiumTest" name="AppiumTest2" time="0.001"/>
  <system-out/>
  <testcase classname="MavenDemo.FirstMaven.AppiumTest" name="AppiumTest1" time="0.004"/>
  <system-out/>
</testsuite> <!-- MavenDemo.FirstMaven.AppiumTest -->
