<?xml version="1.0" encoding="UTF-8"?>
<!-- Generated by org.testng.reporters.JUnitReportReporter -->
<testsuite hostname="Aj28" failures="0" tests="2" name="MavenDemo.FirstMaven.SeleniumTest" time="0.000" errors="0" timestamp="2021-07-22T20:03:05 IST" skipped="0">
  <testcase classname="MavenDemo.FirstMaven.SeleniumTest" name="SeleniumTest1" time="0.000"/>
  <system-out/>
  <testcase classname="MavenDemo.FirstMaven.SeleniumTest" name="SeleniumTest2" time="0.000"/>
  <system-out/>
</testsuite> <!-- MavenDemo.FirstMaven.SeleniumTest -->
